[2025-03-18T15:33:44.605+0000] {local_task_job_runner.py:123} INFO - ::group::Pre task execution logs
[2025-03-18T15:33:44.614+0000] {taskinstance.py:2614} INFO - Dependencies all met for dep_context=non-requeueable deps ti=<TaskInstance: example_bash_operator.this_will_skip scheduled__2025-03-17T00:00:00+00:00 [queued]>
[2025-03-18T15:33:44.620+0000] {taskinstance.py:2614} INFO - Dependencies all met for dep_context=requeueable deps ti=<TaskInstance: example_bash_operator.this_will_skip scheduled__2025-03-17T00:00:00+00:00 [queued]>
[2025-03-18T15:33:44.621+0000] {taskinstance.py:2867} INFO - Starting attempt 1 of 1
[2025-03-18T15:33:44.641+0000] {taskinstance.py:2890} INFO - Executing <Task(BashOperator): this_will_skip> on 2025-03-17 00:00:00+00:00
[2025-03-18T15:33:44.650+0000] {standard_task_runner.py:72} INFO - Started process 798 to run task
[2025-03-18T15:33:44.658+0000] {standard_task_runner.py:104} INFO - Running: ['airflow', 'tasks', 'run', 'example_bash_operator', 'this_will_skip', 'scheduled__2025-03-17T00:00:00+00:00', '--job-id', '7', '--raw', '--subdir', '/home/opanggam/miniconda3/envs/airflow-env/lib/python3.8/site-packages/airflow/example_dags/example_bash_operator.py', '--cfg-path', '/tmp/tmp5yphkno2']
[2025-03-18T15:33:44.660+0000] {standard_task_runner.py:105} INFO - Job 7: Subtask this_will_skip
[2025-03-18T15:33:44.724+0000] {task_command.py:467} INFO - Running <TaskInstance: example_bash_operator.this_will_skip scheduled__2025-03-17T00:00:00+00:00 [running]> on host LAPTOP-QE9ETVF1.
[2025-03-18T15:33:44.801+0000] {taskinstance.py:3134} INFO - Exporting env vars: AIRFLOW_CTX_DAG_OWNER='airflow' AIRFLOW_CTX_DAG_ID='example_bash_operator' AIRFLOW_CTX_TASK_ID='this_will_skip' AIRFLOW_CTX_EXECUTION_DATE='2025-03-17T00:00:00+00:00' AIRFLOW_CTX_TRY_NUMBER='1' AIRFLOW_CTX_DAG_RUN_ID='scheduled__2025-03-17T00:00:00+00:00'
[2025-03-18T15:33:44.803+0000] {logging_mixin.py:190} INFO - Task instance is in running state
[2025-03-18T15:33:44.803+0000] {logging_mixin.py:190} INFO -  Previous state of the Task instance: queued
[2025-03-18T15:33:44.803+0000] {logging_mixin.py:190} INFO - Current task name:this_will_skip state:running start_date:2025-03-18 15:33:44.615106+00:00
[2025-03-18T15:33:44.803+0000] {logging_mixin.py:190} INFO - Dag name:example_bash_operator and current dag run status:running
[2025-03-18T15:33:44.803+0000] {taskinstance.py:732} INFO - ::endgroup::
[2025-03-18T15:33:44.804+0000] {subprocess.py:78} INFO - Tmp dir root location: /tmp
[2025-03-18T15:33:44.805+0000] {subprocess.py:88} INFO - Running command: ['/usr/bin/bash', '-c', 'echo "hello world"; exit 99;']
[2025-03-18T15:33:44.816+0000] {subprocess.py:99} INFO - Output:
[2025-03-18T15:33:44.818+0000] {subprocess.py:106} INFO - hello world
[2025-03-18T15:33:44.819+0000] {subprocess.py:110} INFO - Command exited with return code 99
[2025-03-18T15:33:44.819+0000] {taskinstance.py:302} INFO - Bash command returned exit code 99. Skipping.
[2025-03-18T15:33:44.842+0000] {taskinstance.py:341} INFO - ::group::Post task execution logs
[2025-03-18T15:33:44.843+0000] {taskinstance.py:353} INFO - Marking task as SKIPPED. dag_id=example_bash_operator, task_id=this_will_skip, run_id=scheduled__2025-03-17T00:00:00+00:00, execution_date=20250317T000000, start_date=20250318T153344, end_date=20250318T153344
[2025-03-18T15:33:44.916+0000] {local_task_job_runner.py:266} INFO - Task exited with return code 0
[2025-03-18T15:33:44.938+0000] {taskinstance.py:3901} INFO - 0 downstream tasks scheduled from follow-on schedule check
[2025-03-18T15:33:44.953+0000] {local_task_job_runner.py:245} INFO - ::endgroup::
