[2025-03-18T16:51:04.029+0000] {local_task_job_runner.py:123} INFO - ::group::Pre task execution logs
[2025-03-18T16:51:04.038+0000] {taskinstance.py:2614} INFO - Dependencies all met for dep_context=non-requeueable deps ti=<TaskInstance: simple_hello_world.hello_world_task manual__2025-03-18T16:51:01.694744+00:00 [queued]>
[2025-03-18T16:51:04.046+0000] {taskinstance.py:2614} INFO - Dependencies all met for dep_context=requeueable deps ti=<TaskInstance: simple_hello_world.hello_world_task manual__2025-03-18T16:51:01.694744+00:00 [queued]>
[2025-03-18T16:51:04.046+0000] {taskinstance.py:2867} INFO - Starting attempt 1 of 1
[2025-03-18T16:51:04.064+0000] {taskinstance.py:2890} INFO - Executing <Task(BashOperator): hello_world_task> on 2025-03-18 16:51:01.694744+00:00
[2025-03-18T16:51:04.067+0000] {standard_task_runner.py:72} INFO - Started process 5877 to run task
[2025-03-18T16:51:04.072+0000] {standard_task_runner.py:104} INFO - Running: ['airflow', 'tasks', 'run', 'simple_hello_world', 'hello_world_task', 'manual__2025-03-18T16:51:01.694744+00:00', '--job-id', '22', '--raw', '--subdir', 'DAGS_FOLDER/hello_world.py', '--cfg-path', '/tmp/tmp_1ea64gq']
[2025-03-18T16:51:04.074+0000] {standard_task_runner.py:105} INFO - Job 22: Subtask hello_world_task
[2025-03-18T16:51:04.126+0000] {task_command.py:467} INFO - Running <TaskInstance: simple_hello_world.hello_world_task manual__2025-03-18T16:51:01.694744+00:00 [running]> on host LAPTOP-QE9ETVF1.
[2025-03-18T16:51:04.216+0000] {taskinstance.py:3134} INFO - Exporting env vars: AIRFLOW_CTX_DAG_OWNER='admin' AIRFLOW_CTX_DAG_ID='simple_hello_world' AIRFLOW_CTX_TASK_ID='hello_world_task' AIRFLOW_CTX_EXECUTION_DATE='2025-03-18T16:51:01.694744+00:00' AIRFLOW_CTX_TRY_NUMBER='1' AIRFLOW_CTX_DAG_RUN_ID='manual__2025-03-18T16:51:01.694744+00:00'
[2025-03-18T16:51:04.217+0000] {taskinstance.py:732} INFO - ::endgroup::
[2025-03-18T16:51:04.233+0000] {subprocess.py:78} INFO - Tmp dir root location: /tmp
[2025-03-18T16:51:04.234+0000] {subprocess.py:88} INFO - Running command: ['/usr/bin/bash', '-c', 'echo - Hello World using with Keywork']
[2025-03-18T16:51:04.240+0000] {subprocess.py:99} INFO - Output:
[2025-03-18T16:51:04.241+0000] {subprocess.py:106} INFO - - Hello World using with Keywork
[2025-03-18T16:51:04.242+0000] {subprocess.py:110} INFO - Command exited with return code 0
[2025-03-18T16:51:04.266+0000] {taskinstance.py:341} INFO - ::group::Post task execution logs
[2025-03-18T16:51:04.266+0000] {taskinstance.py:353} INFO - Marking task as SUCCESS. dag_id=simple_hello_world, task_id=hello_world_task, run_id=manual__2025-03-18T16:51:01.694744+00:00, execution_date=20250318T165101, start_date=20250318T165104, end_date=20250318T165104
[2025-03-18T16:51:04.328+0000] {local_task_job_runner.py:266} INFO - Task exited with return code 0
[2025-03-18T16:51:04.339+0000] {taskinstance.py:3901} INFO - 0 downstream tasks scheduled from follow-on schedule check
[2025-03-18T16:51:04.340+0000] {local_task_job_runner.py:245} INFO - ::endgroup::
