[2025-03-18T15:35:20.465+0000] {local_task_job_runner.py:123} INFO - ::group::Pre task execution logs
[2025-03-18T15:35:20.476+0000] {taskinstance.py:2614} INFO - Dependencies all met for dep_context=non-requeueable deps ti=<TaskInstance: example_bash_operator.runme_0 manual__2025-03-18T15:35:14+00:00 [queued]>
[2025-03-18T15:35:20.481+0000] {taskinstance.py:2614} INFO - Dependencies all met for dep_context=requeueable deps ti=<TaskInstance: example_bash_operator.runme_0 manual__2025-03-18T15:35:14+00:00 [queued]>
[2025-03-18T15:35:20.481+0000] {taskinstance.py:2867} INFO - Starting attempt 1 of 1
[2025-03-18T15:35:20.505+0000] {taskinstance.py:2890} INFO - Executing <Task(BashOperator): runme_0> on 2025-03-18 15:35:14+00:00
[2025-03-18T15:35:20.509+0000] {standard_task_runner.py:72} INFO - Started process 923 to run task
[2025-03-18T15:35:20.512+0000] {standard_task_runner.py:104} INFO - Running: ['airflow', 'tasks', 'run', 'example_bash_operator', 'runme_0', 'manual__2025-03-18T15:35:14+00:00', '--job-id', '9', '--raw', '--subdir', '/home/opanggam/miniconda3/envs/airflow-env/lib/python3.8/site-packages/airflow/example_dags/example_bash_operator.py', '--cfg-path', '/tmp/tmpes_56vyz']
[2025-03-18T15:35:20.513+0000] {standard_task_runner.py:105} INFO - Job 9: Subtask runme_0
[2025-03-18T15:35:20.579+0000] {task_command.py:467} INFO - Running <TaskInstance: example_bash_operator.runme_0 manual__2025-03-18T15:35:14+00:00 [running]> on host LAPTOP-QE9ETVF1.
[2025-03-18T15:35:20.681+0000] {taskinstance.py:3134} INFO - Exporting env vars: AIRFLOW_CTX_DAG_OWNER='airflow' AIRFLOW_CTX_DAG_ID='example_bash_operator' AIRFLOW_CTX_TASK_ID='runme_0' AIRFLOW_CTX_EXECUTION_DATE='2025-03-18T15:35:14+00:00' AIRFLOW_CTX_TRY_NUMBER='1' AIRFLOW_CTX_DAG_RUN_ID='manual__2025-03-18T15:35:14+00:00'
[2025-03-18T15:35:20.683+0000] {logging_mixin.py:190} INFO - Task instance is in running state
[2025-03-18T15:35:20.683+0000] {logging_mixin.py:190} INFO -  Previous state of the Task instance: queued
[2025-03-18T15:35:20.683+0000] {logging_mixin.py:190} INFO - Current task name:runme_0 state:running start_date:2025-03-18 15:35:20.476477+00:00
[2025-03-18T15:35:20.683+0000] {logging_mixin.py:190} INFO - Dag name:example_bash_operator and current dag run status:running
[2025-03-18T15:35:20.683+0000] {taskinstance.py:732} INFO - ::endgroup::
[2025-03-18T15:35:20.684+0000] {subprocess.py:78} INFO - Tmp dir root location: /tmp
[2025-03-18T15:35:20.685+0000] {subprocess.py:88} INFO - Running command: ['/usr/bin/bash', '-c', 'echo "example_bash_operator__runme_0__20250318" && sleep 1']
[2025-03-18T15:35:20.695+0000] {subprocess.py:99} INFO - Output:
[2025-03-18T15:35:20.698+0000] {subprocess.py:106} INFO - example_bash_operator__runme_0__20250318
[2025-03-18T15:35:21.702+0000] {subprocess.py:110} INFO - Command exited with return code 0
[2025-03-18T15:35:21.730+0000] {taskinstance.py:341} INFO - ::group::Post task execution logs
[2025-03-18T15:35:21.730+0000] {taskinstance.py:353} INFO - Marking task as SUCCESS. dag_id=example_bash_operator, task_id=runme_0, run_id=manual__2025-03-18T15:35:14+00:00, execution_date=20250318T153514, start_date=20250318T153520, end_date=20250318T153521
[2025-03-18T15:35:21.761+0000] {logging_mixin.py:190} INFO - Task instance in success state
[2025-03-18T15:35:21.762+0000] {logging_mixin.py:190} INFO -  Previous state of the Task instance: running
[2025-03-18T15:35:21.763+0000] {logging_mixin.py:190} INFO - Dag name:example_bash_operator queued_at:2025-03-18 15:35:16.952486+00:00
[2025-03-18T15:35:21.763+0000] {logging_mixin.py:190} INFO - Task hostname:LAPTOP-QE9ETVF1. operator:BashOperator
[2025-03-18T15:35:21.780+0000] {local_task_job_runner.py:266} INFO - Task exited with return code 0
[2025-03-18T15:35:21.801+0000] {taskinstance.py:3901} INFO - 0 downstream tasks scheduled from follow-on schedule check
[2025-03-18T15:35:21.802+0000] {local_task_job_runner.py:245} INFO - ::endgroup::
