[2025-03-18T16:25:42.122+0000] {local_task_job_runner.py:123} INFO - ::group::Pre task execution logs
[2025-03-18T16:25:42.136+0000] {taskinstance.py:2614} INFO - Dependencies all met for dep_context=non-requeueable deps ti=<TaskInstance: simple_hello_world.hello_world manual__2025-03-18T16:25:39.920198+00:00 [queued]>
[2025-03-18T16:25:42.141+0000] {taskinstance.py:2614} INFO - Dependencies all met for dep_context=requeueable deps ti=<TaskInstance: simple_hello_world.hello_world manual__2025-03-18T16:25:39.920198+00:00 [queued]>
[2025-03-18T16:25:42.142+0000] {taskinstance.py:2867} INFO - Starting attempt 1 of 1
[2025-03-18T16:25:42.169+0000] {taskinstance.py:2890} INFO - Executing <Task(BashOperator): hello_world> on 2025-03-18 16:25:39.920198+00:00
[2025-03-18T16:25:42.172+0000] {standard_task_runner.py:72} INFO - Started process 4025 to run task
[2025-03-18T16:25:42.175+0000] {standard_task_runner.py:104} INFO - Running: ['airflow', 'tasks', 'run', 'simple_hello_world', 'hello_world', 'manual__2025-03-18T16:25:39.920198+00:00', '--job-id', '20', '--raw', '--subdir', 'DAGS_FOLDER/hello_world.py', '--cfg-path', '/tmp/tmp2fj22_q6']
[2025-03-18T16:25:42.176+0000] {standard_task_runner.py:105} INFO - Job 20: Subtask hello_world
[2025-03-18T16:25:42.240+0000] {task_command.py:467} INFO - Running <TaskInstance: simple_hello_world.hello_world manual__2025-03-18T16:25:39.920198+00:00 [running]> on host LAPTOP-QE9ETVF1.
[2025-03-18T16:25:42.421+0000] {taskinstance.py:3134} INFO - Exporting env vars: AIRFLOW_CTX_DAG_OWNER='admin' AIRFLOW_CTX_DAG_ID='simple_hello_world' AIRFLOW_CTX_TASK_ID='hello_world' AIRFLOW_CTX_EXECUTION_DATE='2025-03-18T16:25:39.920198+00:00' AIRFLOW_CTX_TRY_NUMBER='1' AIRFLOW_CTX_DAG_RUN_ID='manual__2025-03-18T16:25:39.920198+00:00'
[2025-03-18T16:25:42.422+0000] {taskinstance.py:732} INFO - ::endgroup::
[2025-03-18T16:25:42.440+0000] {subprocess.py:78} INFO - Tmp dir root location: /tmp
[2025-03-18T16:25:42.440+0000] {subprocess.py:88} INFO - Running command: ['/usr/bin/bash', '-c', 'echo "Hello World"']
[2025-03-18T16:25:42.449+0000] {subprocess.py:99} INFO - Output:
[2025-03-18T16:25:42.452+0000] {subprocess.py:106} INFO - Hello World
[2025-03-18T16:25:42.452+0000] {subprocess.py:110} INFO - Command exited with return code 0
[2025-03-18T16:25:42.476+0000] {taskinstance.py:341} INFO - ::group::Post task execution logs
[2025-03-18T16:25:42.477+0000] {taskinstance.py:353} INFO - Marking task as SUCCESS. dag_id=simple_hello_world, task_id=hello_world, run_id=manual__2025-03-18T16:25:39.920198+00:00, execution_date=20250318T162539, start_date=20250318T162542, end_date=20250318T162542
[2025-03-18T16:25:42.551+0000] {local_task_job_runner.py:266} INFO - Task exited with return code 0
[2025-03-18T16:25:42.568+0000] {taskinstance.py:3901} INFO - 0 downstream tasks scheduled from follow-on schedule check
[2025-03-18T16:25:42.569+0000] {local_task_job_runner.py:245} INFO - ::endgroup::
