[2025-03-18T19:02:58.616+0000] {processor.py:186} INFO - Started process (PID=16554) to work on /home/~usernam~/airflow/dags/hello_world.py
[2025-03-18T19:02:58.617+0000] {processor.py:914} INFO - Processing file /home/~usernam~/airflow/dags/hello_world.py for tasks to queue
[2025-03-18T19:02:58.621+0000] {logging_mixin.py:190} INFO - [2025-03-18T19:02:58.621+0000] {dagbag.py:588} INFO - Filling up the DagBag from /home/~usernam~/airflow/dags/hello_world.py
[2025-03-18T19:02:58.631+0000] {processor.py:925} INFO - DAG(s) 'simple_hello_world' retrieved from /home/~usernam~/airflow/dags/hello_world.py
[2025-03-18T19:02:58.653+0000] {logging_mixin.py:190} INFO - [2025-03-18T19:02:58.652+0000] {dag.py:3239} INFO - Sync 1 DAGs
[2025-03-18T19:02:58.665+0000] {logging_mixin.py:190} INFO - [2025-03-18T19:02:58.665+0000] {dag.py:4180} INFO - Setting next_dagrun for simple_hello_world to None, run_after=None
[2025-03-18T19:02:58.702+0000] {processor.py:208} INFO - Processing /home/~usernam~/airflow/dags/hello_world.py took 0.097 seconds
[2025-03-18T19:03:28.888+0000] {processor.py:186} INFO - Started process (PID=16558) to work on /home/~usernam~/airflow/dags/hello_world.py
[2025-03-18T19:03:28.889+0000] {processor.py:914} INFO - Processing file /home/~usernam~/airflow/dags/hello_world.py for tasks to queue
[2025-03-18T19:03:28.891+0000] {logging_mixin.py:190} INFO - [2025-03-18T19:03:28.890+0000] {dagbag.py:588} INFO - Filling up the DagBag from /home/~usernam~/airflow/dags/hello_world.py
[2025-03-18T19:03:28.899+0000] {processor.py:925} INFO - DAG(s) 'simple_hello_world' retrieved from /home/~usernam~/airflow/dags/hello_world.py
[2025-03-18T19:03:28.917+0000] {logging_mixin.py:190} INFO - [2025-03-18T19:03:28.917+0000] {dag.py:3239} INFO - Sync 1 DAGs
[2025-03-18T19:03:28.928+0000] {logging_mixin.py:190} INFO - [2025-03-18T19:03:28.928+0000] {dag.py:4180} INFO - Setting next_dagrun for simple_hello_world to None, run_after=None
[2025-03-18T19:03:28.953+0000] {processor.py:208} INFO - Processing /home/~usernam~/airflow/dags/hello_world.py took 0.070 seconds
[2025-03-18T19:03:59.069+0000] {processor.py:186} INFO - Started process (PID=16563) to work on /home/~usernam~/airflow/dags/hello_world.py
[2025-03-18T19:03:59.073+0000] {processor.py:914} INFO - Processing file /home/~usernam~/airflow/dags/hello_world.py for tasks to queue
[2025-03-18T19:03:59.076+0000] {logging_mixin.py:190} INFO - [2025-03-18T19:03:59.076+0000] {dagbag.py:588} INFO - Filling up the DagBag from /home/~usernam~/airflow/dags/hello_world.py
[2025-03-18T19:03:59.088+0000] {processor.py:925} INFO - DAG(s) 'simple_hello_world' retrieved from /home/~usernam~/airflow/dags/hello_world.py
[2025-03-18T19:03:59.109+0000] {logging_mixin.py:190} INFO - [2025-03-18T19:03:59.108+0000] {dag.py:3239} INFO - Sync 1 DAGs
[2025-03-18T19:03:59.122+0000] {logging_mixin.py:190} INFO - [2025-03-18T19:03:59.122+0000] {dag.py:4180} INFO - Setting next_dagrun for simple_hello_world to None, run_after=None
[2025-03-18T19:03:59.147+0000] {processor.py:208} INFO - Processing /home/~usernam~/airflow/dags/hello_world.py took 0.086 seconds
[2025-03-18T19:04:29.251+0000] {processor.py:186} INFO - Started process (PID=16565) to work on /home/~usernam~/airflow/dags/hello_world.py
[2025-03-18T19:04:29.252+0000] {processor.py:914} INFO - Processing file /home/~usernam~/airflow/dags/hello_world.py for tasks to queue
[2025-03-18T19:04:29.253+0000] {logging_mixin.py:190} INFO - [2025-03-18T19:04:29.253+0000] {dagbag.py:588} INFO - Filling up the DagBag from /home/~usernam~/airflow/dags/hello_world.py
[2025-03-18T19:04:29.262+0000] {processor.py:925} INFO - DAG(s) 'simple_hello_world' retrieved from /home/~usernam~/airflow/dags/hello_world.py
[2025-03-18T19:04:29.281+0000] {logging_mixin.py:190} INFO - [2025-03-18T19:04:29.280+0000] {dag.py:3239} INFO - Sync 1 DAGs
[2025-03-18T19:04:29.291+0000] {logging_mixin.py:190} INFO - [2025-03-18T19:04:29.291+0000] {dag.py:4180} INFO - Setting next_dagrun for simple_hello_world to None, run_after=None
[2025-03-18T19:04:29.320+0000] {processor.py:208} INFO - Processing /home/~usernam~/airflow/dags/hello_world.py took 0.078 seconds
[2025-03-18T19:04:59.454+0000] {processor.py:186} INFO - Started process (PID=16567) to work on /home/~usernam~/airflow/dags/hello_world.py
[2025-03-18T19:04:59.456+0000] {processor.py:914} INFO - Processing file /home/~usernam~/airflow/dags/hello_world.py for tasks to queue
[2025-03-18T19:04:59.458+0000] {logging_mixin.py:190} INFO - [2025-03-18T19:04:59.458+0000] {dagbag.py:588} INFO - Filling up the DagBag from /home/~usernam~/airflow/dags/hello_world.py
[2025-03-18T19:04:59.467+0000] {processor.py:925} INFO - DAG(s) 'simple_hello_world' retrieved from /home/~usernam~/airflow/dags/hello_world.py
[2025-03-18T19:04:59.487+0000] {logging_mixin.py:190} INFO - [2025-03-18T19:04:59.487+0000] {dag.py:3239} INFO - Sync 1 DAGs
[2025-03-18T19:04:59.498+0000] {logging_mixin.py:190} INFO - [2025-03-18T19:04:59.498+0000] {dag.py:4180} INFO - Setting next_dagrun for simple_hello_world to None, run_after=None
[2025-03-18T19:04:59.523+0000] {processor.py:208} INFO - Processing /home/~usernam~/airflow/dags/hello_world.py took 0.077 seconds
[2025-03-18T19:05:29.716+0000] {processor.py:186} INFO - Started process (PID=16568) to work on /home/~usernam~/airflow/dags/hello_world.py
[2025-03-18T19:05:29.721+0000] {processor.py:914} INFO - Processing file /home/~usernam~/airflow/dags/hello_world.py for tasks to queue
[2025-03-18T19:05:29.723+0000] {logging_mixin.py:190} INFO - [2025-03-18T19:05:29.722+0000] {dagbag.py:588} INFO - Filling up the DagBag from /home//airflow/dags/hello_world.py
[2025-03-18T19:05:29.733+0000] {processor.py:925} INFO - DAG(s) 'simple_hello_world' retrieved from /home//airflow/dags/hello_world.py
[2025-03-18T19:05:29.755+0000] {logging_mixin.py:190} INFO - [2025-03-18T19:05:29.755+0000] {dag.py:3239} INFO - Sync 1 DAGs
[2025-03-18T19:05:29.768+0000] {logging_mixin.py:190} INFO - [2025-03-18T19:05:29.768+0000] {dag.py:4180} INFO - Setting next_dagrun for simple_hello_world to None, run_after=None
[2025-03-18T19:05:29.794+0000] {processor.py:208} INFO - Processing /home//airflow/dags/hello_world.py took 0.087 seconds
[2025-03-18T19:05:59.884+0000] {processor.py:186} INFO - Started process (PID=16573) to work on /home//airflow/dags/hello_world.py
[2025-03-18T19:05:59.886+0000] {processor.py:914} INFO - Processing file /home//airflow/dags/hello_world.py for tasks to queue
[2025-03-18T19:05:59.888+0000] {logging_mixin.py:190} INFO - [2025-03-18T19:05:59.888+0000] {dagbag.py:588} INFO - Filling up the DagBag from /home/~usernam~/airflow/dags/hello_world.py
[2025-03-18T19:05:59.896+0000] {processor.py:925} INFO - DAG(s) 'simple_hello_world' retrieved from /home/~usernam~/airflow/dags/hello_world.py
[2025-03-18T19:05:59.914+0000] {logging_mixin.py:190} INFO - [2025-03-18T19:05:59.914+0000] {dag.py:3239} INFO - Sync 1 DAGs
[2025-03-18T19:05:59.927+0000] {logging_mixin.py:190} INFO - [2025-03-18T19:05:59.927+0000] {dag.py:4180} INFO - Setting next_dagrun for simple_hello_world to None, run_after=None
[2025-03-18T19:05:59.952+0000] {processor.py:208} INFO - Processing /home/~usernam~/airflow/dags/hello_world.py took 0.073 seconds
[2025-03-18T19:06:30.038+0000] {processor.py:186} INFO - Started process (PID=16578) to work on /home/~usernam~/airflow/dags/hello_world.py
[2025-03-18T19:06:30.039+0000] {processor.py:914} INFO - Processing file /home/~usernam~/airflow/dags/hello_world.py for tasks to queue
[2025-03-18T19:06:30.041+0000] {logging_mixin.py:190} INFO - [2025-03-18T19:06:30.041+0000] {dagbag.py:588} INFO - Filling up the DagBag from /home/~usernam~/airflow/dags/hello_world.py
[2025-03-18T19:06:30.051+0000] {processor.py:925} INFO - DAG(s) 'simple_hello_world' retrieved from /home/~usernam~/airflow/dags/hello_world.py
[2025-03-18T19:06:30.068+0000] {logging_mixin.py:190} INFO - [2025-03-18T19:06:30.068+0000] {dag.py:3239} INFO - Sync 1 DAGs
[2025-03-18T19:06:30.080+0000] {logging_mixin.py:190} INFO - [2025-03-18T19:06:30.080+0000] {dag.py:4180} INFO - Setting next_dagrun for simple_hello_world to None, run_after=None
[2025-03-18T19:06:30.104+0000] {processor.py:208} INFO - Processing /home/~usernam~/airflow/dags/hello_world.py took 0.071 seconds
[2025-03-18T19:07:00.239+0000] {processor.py:186} INFO - Started process (PID=16579) to work on /home/~usernam~/airflow/dags/hello_world.py
[2025-03-18T19:07:00.240+0000] {processor.py:914} INFO - Processing file /home/~usernam~/airflow/dags/hello_world.py for tasks to queue
[2025-03-18T19:07:00.242+0000] {logging_mixin.py:190} INFO - [2025-03-18T19:07:00.242+0000] {dagbag.py:588} INFO - Filling up the DagBag from /home/~usernam~/airflow/dags/hello_world.py
[2025-03-18T19:07:00.250+0000] {processor.py:925} INFO - DAG(s) 'simple_hello_world' retrieved from /home/~usernam~/airflow/dags/hello_world.py
[2025-03-18T19:07:00.271+0000] {logging_mixin.py:190} INFO - [2025-03-18T19:07:00.270+0000] {dag.py:3239} INFO - Sync 1 DAGs
[2025-03-18T19:07:00.281+0000] {logging_mixin.py:190} INFO - [2025-03-18T19:07:00.281+0000] {dag.py:4180} INFO - Setting next_dagrun for simple_hello_world to None, run_after=None
[2025-03-18T19:07:00.314+0000] {processor.py:208} INFO - Processing /home/~usernam~/airflow/dags/hello_world.py took 0.081 seconds
[2025-03-18T19:07:30.422+0000] {processor.py:186} INFO - Started process (PID=16582) to work on /home/~usernam~/airflow/dags/hello_world.py
[2025-03-18T19:07:30.424+0000] {processor.py:914} INFO - Processing file /home/~usernam~/airflow/dags/hello_world.py for tasks to queue
[2025-03-18T19:07:30.427+0000] {logging_mixin.py:190} INFO - [2025-03-18T19:07:30.426+0000] {dagbag.py:588} INFO - Filling up the DagBag from /home/~usernam~/airflow/dags/hello_world.py
[2025-03-18T19:07:30.436+0000] {processor.py:925} INFO - DAG(s) 'simple_hello_world' retrieved from /home/~usernam~/airflow/dags/hello_world.py
[2025-03-18T19:07:30.457+0000] {logging_mixin.py:190} INFO - [2025-03-18T19:07:30.457+0000] {dag.py:3239} INFO - Sync 1 DAGs
[2025-03-18T19:07:30.468+0000] {logging_mixin.py:190} INFO - [2025-03-18T19:07:30.467+0000] {dag.py:4180} INFO - Setting next_dagrun for simple_hello_world to None, run_after=None
[2025-03-18T19:07:30.497+0000] {processor.py:208} INFO - Processing /home/~usernam~/airflow/dags/hello_world.py took 0.085 seconds
[2025-03-18T19:08:00.596+0000] {processor.py:186} INFO - Started process (PID=16583) to work on /home/~usernam~/airflow/dags/hello_world.py
[2025-03-18T19:08:00.599+0000] {processor.py:914} INFO - Processing file /home/~usernam~/airflow/dags/hello_world.py for tasks to queue
[2025-03-18T19:08:00.601+0000] {logging_mixin.py:190} INFO - [2025-03-18T19:08:00.600+0000] {dagbag.py:588} INFO - Filling up the DagBag from /home/~usernam~/airflow/dags/hello_world.py
[2025-03-18T19:08:00.610+0000] {processor.py:925} INFO - DAG(s) 'simple_hello_world' retrieved from /home/~usernam~/airflow/dags/hello_world.py
[2025-03-18T19:08:00.635+0000] {logging_mixin.py:190} INFO - [2025-03-18T19:08:00.635+0000] {dag.py:3239} INFO - Sync 1 DAGs
[2025-03-18T19:08:00.648+0000] {logging_mixin.py:190} INFO - [2025-03-18T19:08:00.648+0000] {dag.py:4180} INFO - Setting next_dagrun for simple_hello_world to None, run_after=None
[2025-03-18T19:08:00.675+0000] {processor.py:208} INFO - Processing /home/~usernam~/airflow/dags/hello_world.py took 0.085 seconds
[2025-03-18T19:08:30.850+0000] {processor.py:186} INFO - Started process (PID=16585) to work on /home/~usernam~/airflow/dags/hello_world.py
[2025-03-18T19:08:30.856+0000] {processor.py:914} INFO - Processing file /home/~usernam~/airflow/dags/hello_world.py for tasks to queue
[2025-03-18T19:08:30.873+0000] {logging_mixin.py:190} INFO - [2025-03-18T19:08:30.871+0000] {dagbag.py:588} INFO - Filling up the DagBag from /home/~usernam~/airflow/dags/hello_world.py
[2025-03-18T19:08:30.884+0000] {processor.py:925} INFO - DAG(s) 'simple_hello_world' retrieved from /home/~usernam~/airflow/dags/hello_world.py
[2025-03-18T19:08:30.907+0000] {logging_mixin.py:190} INFO - [2025-03-18T19:08:30.907+0000] {dag.py:3239} INFO - Sync 1 DAGs
[2025-03-18T19:08:30.922+0000] {logging_mixin.py:190} INFO - [2025-03-18T19:08:30.922+0000] {dag.py:4180} INFO - Setting next_dagrun for simple_hello_world to None, run_after=None
[2025-03-18T19:08:30.949+0000] {processor.py:208} INFO - Processing /home/~usernam~/airflow/dags/hello_world.py took 0.152 seconds
[2025-03-18T19:09:01.063+0000] {processor.py:186} INFO - Started process (PID=16592) to work on /home/~usernam~/airflow/dags/hello_world.py
[2025-03-18T19:09:01.064+0000] {processor.py:914} INFO - Processing file /home/~usernam~/airflow/dags/hello_world.py for tasks to queue
[2025-03-18T19:09:01.066+0000] {logging_mixin.py:190} INFO - [2025-03-18T19:09:01.066+0000] {dagbag.py:588} INFO - Filling up the DagBag from /home/~usernam~/airflow/dags/hello_world.py
[2025-03-18T19:09:01.074+0000] {processor.py:925} INFO - DAG(s) 'simple_hello_world' retrieved from /home/~usernam~/airflow/dags/hello_world.py
[2025-03-18T19:09:01.092+0000] {logging_mixin.py:190} INFO - [2025-03-18T19:09:01.092+0000] {dag.py:3239} INFO - Sync 1 DAGs
[2025-03-18T19:09:01.103+0000] {logging_mixin.py:190} INFO - [2025-03-18T19:09:01.102+0000] {dag.py:4180} INFO - Setting next_dagrun for simple_hello_world to None, run_after=None
[2025-03-18T19:09:01.126+0000] {processor.py:208} INFO - Processing /home/~usernam~/airflow/dags/hello_world.py took 0.072 seconds
[2025-03-18T19:09:31.240+0000] {processor.py:186} INFO - Started process (PID=16593) to work on /home/~usernam~/airflow/dags/hello_world.py
[2025-03-18T19:09:31.244+0000] {processor.py:914} INFO - Processing file /home/~usernam~/airflow/dags/hello_world.py for tasks to queue
[2025-03-18T19:09:31.247+0000] {logging_mixin.py:190} INFO - [2025-03-18T19:09:31.247+0000] {dagbag.py:588} INFO - Filling up the DagBag from /home/~usernam~/airflow/dags/hello_world.py
[2025-03-18T19:09:31.257+0000] {processor.py:925} INFO - DAG(s) 'simple_hello_world' retrieved from /home/~usernam~/airflow/dags/hello_world.py
[2025-03-18T19:09:31.277+0000] {logging_mixin.py:190} INFO - [2025-03-18T19:09:31.276+0000] {dag.py:3239} INFO - Sync 1 DAGs
[2025-03-18T19:09:31.286+0000] {logging_mixin.py:190} INFO - [2025-03-18T19:09:31.286+0000] {dag.py:4180} INFO - Setting next_dagrun for simple_hello_world to None, run_after=None
[2025-03-18T19:09:31.312+0000] {processor.py:208} INFO - Processing /home/~usernam~/airflow/dags/hello_world.py took 0.078 seconds
[2025-03-18T19:10:01.429+0000] {processor.py:186} INFO - Started process (PID=16595) to work on /home/~usernam~/airflow/dags/hello_world.py
[2025-03-18T19:10:01.430+0000] {processor.py:914} INFO - Processing file /home/~usernam~/airflow/dags/hello_world.py for tasks to queue
[2025-03-18T19:10:01.432+0000] {logging_mixin.py:190} INFO - [2025-03-18T19:10:01.432+0000] {dagbag.py:588} INFO - Filling up the DagBag from /home/~usernam~/airflow/dags/hello_world.py
[2025-03-18T19:10:01.444+0000] {processor.py:925} INFO - DAG(s) 'simple_hello_world' retrieved from /home/~usernam~/airflow/dags/hello_world.py
[2025-03-18T19:10:01.464+0000] {logging_mixin.py:190} INFO - [2025-03-18T19:10:01.464+0000] {dag.py:3239} INFO - Sync 1 DAGs
[2025-03-18T19:10:01.475+0000] {logging_mixin.py:190} INFO - [2025-03-18T19:10:01.475+0000] {dag.py:4180} INFO - Setting next_dagrun for simple_hello_world to None, run_after=None
[2025-03-18T19:10:01.498+0000] {processor.py:208} INFO - Processing /home/~usernam~/airflow/dags/hello_world.py took 0.077 seconds
[2025-03-18T19:10:31.612+0000] {processor.py:186} INFO - Started process (PID=16596) to work on /home/~usernam~/airflow/dags/hello_world.py
[2025-03-18T19:10:31.613+0000] {processor.py:914} INFO - Processing file /home/~usernam~/airflow/dags/hello_world.py for tasks to queue
[2025-03-18T19:10:31.615+0000] {logging_mixin.py:190} INFO - [2025-03-18T19:10:31.614+0000] {dagbag.py:588} INFO - Filling up the DagBag from /home/~usernam~/airflow/dags/hello_world.py
[2025-03-18T19:10:31.623+0000] {processor.py:925} INFO - DAG(s) 'simple_hello_world' retrieved from /home/~usernam~/airflow/dags/hello_world.py
[2025-03-18T19:10:31.641+0000] {logging_mixin.py:190} INFO - [2025-03-18T19:10:31.641+0000] {dag.py:3239} INFO - Sync 1 DAGs
[2025-03-18T19:10:31.652+0000] {logging_mixin.py:190} INFO - [2025-03-18T19:10:31.651+0000] {dag.py:4180} INFO - Setting next_dagrun for simple_hello_world to None, run_after=None
[2025-03-18T19:10:31.682+0000] {processor.py:208} INFO - Processing /home/~usernam~/airflow/dags/hello_world.py took 0.075 seconds
[2025-03-18T19:11:01.791+0000] {processor.py:186} INFO - Started process (PID=16599) to work on /home/~usernam~/airflow/dags/hello_world.py
[2025-03-18T19:11:01.792+0000] {processor.py:914} INFO - Processing file /home/~usernam~/airflow/dags/hello_world.py for tasks to queue
[2025-03-18T19:11:01.795+0000] {logging_mixin.py:190} INFO - [2025-03-18T19:11:01.794+0000] {dagbag.py:588} INFO - Filling up the DagBag from /home/~usernam~/airflow/dags/hello_world.py
[2025-03-18T19:11:01.805+0000] {processor.py:925} INFO - DAG(s) 'simple_hello_world' retrieved from /home/~usernam~/airflow/dags/hello_world.py
[2025-03-18T19:11:01.828+0000] {logging_mixin.py:190} INFO - [2025-03-18T19:11:01.828+0000] {dag.py:3239} INFO - Sync 1 DAGs
[2025-03-18T19:11:01.840+0000] {logging_mixin.py:190} INFO - [2025-03-18T19:11:01.839+0000] {dag.py:4180} INFO - Setting next_dagrun for simple_hello_world to None, run_after=None
[2025-03-18T19:11:01.868+0000] {processor.py:208} INFO - Processing /home/~usernam~/airflow/dags/hello_world.py took 0.085 seconds
[2025-03-18T19:11:31.968+0000] {processor.py:186} INFO - Started process (PID=16604) to work on /home/~usernam~/airflow/dags/hello_world.py
[2025-03-18T19:11:31.973+0000] {processor.py:914} INFO - Processing file /home/~usernam~/airflow/dags/hello_world.py for tasks to queue
[2025-03-18T19:11:31.975+0000] {logging_mixin.py:190} INFO - [2025-03-18T19:11:31.975+0000] {dagbag.py:588} INFO - Filling up the DagBag from /home/~usernam~/airflow/dags/hello_world.py
[2025-03-18T19:11:31.984+0000] {processor.py:925} INFO - DAG(s) 'simple_hello_world' retrieved from /home/~usernam~/airflow/dags/hello_world.py
[2025-03-18T19:11:32.001+0000] {logging_mixin.py:190} INFO - [2025-03-18T19:11:32.000+0000] {dag.py:3239} INFO - Sync 1 DAGs
[2025-03-18T19:11:32.011+0000] {logging_mixin.py:190} INFO - [2025-03-18T19:11:32.010+0000] {dag.py:4180} INFO - Setting next_dagrun for simple_hello_world to None, run_after=None
[2025-03-18T19:11:32.036+0000] {processor.py:208} INFO - Processing /home/~usernam~/airflow/dags/hello_world.py took 0.074 seconds
[2025-03-18T19:12:02.102+0000] {processor.py:186} INFO - Started process (PID=16605) to work on /home/~usernam~/airflow/dags/hello_world.py
[2025-03-18T19:12:02.102+0000] {processor.py:914} INFO - Processing file /home/~usernam~/airflow/dags/hello_world.py for tasks to queue
[2025-03-18T19:12:02.104+0000] {logging_mixin.py:190} INFO - [2025-03-18T19:12:02.104+0000] {dagbag.py:588} INFO - Filling up the DagBag from /home/~usernam~/airflow/dags/hello_world.py
[2025-03-18T19:12:02.112+0000] {processor.py:925} INFO - DAG(s) 'simple_hello_world' retrieved from /home/~usernam~/airflow/dags/hello_world.py
[2025-03-18T19:12:02.130+0000] {logging_mixin.py:190} INFO - [2025-03-18T19:12:02.130+0000] {dag.py:3239} INFO - Sync 1 DAGs
[2025-03-18T19:12:02.142+0000] {logging_mixin.py:190} INFO - [2025-03-18T19:12:02.142+0000] {dag.py:4180} INFO - Setting next_dagrun for simple_hello_world to None, run_after=None
[2025-03-18T19:12:02.169+0000] {processor.py:208} INFO - Processing /home/~usernam~/airflow/dags/hello_world.py took 0.074 seconds
[2025-03-18T19:12:32.321+0000] {processor.py:186} INFO - Started process (PID=16612) to work on /home/~usernam~/airflow/dags/hello_world.py
[2025-03-18T19:12:32.323+0000] {processor.py:914} INFO - Processing file /home/~usernam~/airflow/dags/hello_world.py for tasks to queue
[2025-03-18T19:12:32.325+0000] {logging_mixin.py:190} INFO - [2025-03-18T19:12:32.325+0000] {dagbag.py:588} INFO - Filling up the DagBag from /home/~usernam~/airflow/dags/hello_world.py
[2025-03-18T19:12:32.335+0000] {processor.py:925} INFO - DAG(s) 'simple_hello_world' retrieved from /home/~usernam~/airflow/dags/hello_world.py
[2025-03-18T19:12:32.358+0000] {logging_mixin.py:190} INFO - [2025-03-18T19:12:32.357+0000] {dag.py:3239} INFO - Sync 1 DAGs
[2025-03-18T19:12:32.370+0000] {logging_mixin.py:190} INFO - [2025-03-18T19:12:32.370+0000] {dag.py:4180} INFO - Setting next_dagrun for simple_hello_world to None, run_after=None
[2025-03-18T19:12:32.399+0000] {processor.py:208} INFO - Processing /home/~usernam~/airflow/dags/hello_world.py took 0.104 seconds
[2025-03-18T19:13:02.582+0000] {processor.py:186} INFO - Started process (PID=16614) to work on /home/~usernam~/airflow/dags/hello_world.py
[2025-03-18T19:13:02.583+0000] {processor.py:914} INFO - Processing file /home/~usernam~/airflow/dags/hello_world.py for tasks to queue
[2025-03-18T19:13:02.586+0000] {logging_mixin.py:190} INFO - [2025-03-18T19:13:02.585+0000] {dagbag.py:588} INFO - Filling up the DagBag from /home/~usernam~/airflow/dags/hello_world.py
[2025-03-18T19:13:02.616+0000] {processor.py:925} INFO - DAG(s) 'simple_hello_world' retrieved from /home/~usernam~/airflow/dags/hello_world.py
[2025-03-18T19:13:02.695+0000] {logging_mixin.py:190} INFO - [2025-03-18T19:13:02.695+0000] {dag.py:3239} INFO - Sync 1 DAGs
[2025-03-18T19:13:02.745+0000] {logging_mixin.py:190} INFO - [2025-03-18T19:13:02.744+0000] {dag.py:4180} INFO - Setting next_dagrun for simple_hello_world to None, run_after=None
[2025-03-18T19:13:02.798+0000] {processor.py:208} INFO - Processing /home/~usernam~/airflow/dags/hello_world.py took 0.230 seconds
[2025-03-18T19:13:32.984+0000] {processor.py:186} INFO - Started process (PID=16615) to work on /home/~usernam~/airflow/dags/hello_world.py
[2025-03-18T19:13:32.986+0000] {processor.py:914} INFO - Processing file /home/~usernam~/airflow/dags/hello_world.py for tasks to queue
[2025-03-18T19:13:32.988+0000] {logging_mixin.py:190} INFO - [2025-03-18T19:13:32.988+0000] {dagbag.py:588} INFO - Filling up the DagBag from /home/~usernam~/airflow/dags/hello_world.py
[2025-03-18T19:13:32.998+0000] {processor.py:925} INFO - DAG(s) 'simple_hello_world' retrieved from /home/~usernam~/airflow/dags/hello_world.py
[2025-03-18T19:13:33.018+0000] {logging_mixin.py:190} INFO - [2025-03-18T19:13:33.018+0000] {dag.py:3239} INFO - Sync 1 DAGs
[2025-03-18T19:13:33.032+0000] {logging_mixin.py:190} INFO - [2025-03-18T19:13:33.032+0000] {dag.py:4180} INFO - Setting next_dagrun for simple_hello_world to None, run_after=None
[2025-03-18T19:13:33.059+0000] {processor.py:208} INFO - Processing /home/~usernam~/airflow/dags/hello_world.py took 0.082 seconds
[2025-03-18T19:14:03.172+0000] {processor.py:186} INFO - Started process (PID=16617) to work on /home/~usernam~/airflow/dags/hello_world.py
[2025-03-18T19:14:03.174+0000] {processor.py:914} INFO - Processing file /home/~usernam~/airflow/dags/hello_world.py for tasks to queue
[2025-03-18T19:14:03.176+0000] {logging_mixin.py:190} INFO - [2025-03-18T19:14:03.176+0000] {dagbag.py:588} INFO - Filling up the DagBag from /home/~usernam~/airflow/dags/hello_world.py
[2025-03-18T19:14:03.184+0000] {processor.py:925} INFO - DAG(s) 'simple_hello_world' retrieved from /home/~usernam~/airflow/dags/hello_world.py
[2025-03-18T19:14:03.217+0000] {logging_mixin.py:190} INFO - [2025-03-18T19:14:03.217+0000] {dag.py:3239} INFO - Sync 1 DAGs
[2025-03-18T19:14:03.232+0000] {logging_mixin.py:190} INFO - [2025-03-18T19:14:03.232+0000] {dag.py:4180} INFO - Setting next_dagrun for simple_hello_world to None, run_after=None
[2025-03-18T19:14:03.261+0000] {processor.py:208} INFO - Processing /home/~usernam~/airflow/dags/hello_world.py took 0.094 seconds
[2025-03-18T19:14:33.391+0000] {processor.py:186} INFO - Started process (PID=16620) to work on /home/~usernam~/airflow/dags/hello_world.py
[2025-03-18T19:14:33.394+0000] {processor.py:914} INFO - Processing file /home/~usernam~/airflow/dags/hello_world.py for tasks to queue
[2025-03-18T19:14:33.401+0000] {logging_mixin.py:190} INFO - [2025-03-18T19:14:33.400+0000] {dagbag.py:588} INFO - Filling up the DagBag from /home/~usernam~/airflow/dags/hello_world.py
[2025-03-18T19:14:33.435+0000] {processor.py:925} INFO - DAG(s) 'simple_hello_world' retrieved from /home/~usernam~/airflow/dags/hello_world.py
[2025-03-18T19:14:33.469+0000] {logging_mixin.py:190} INFO - [2025-03-18T19:14:33.468+0000] {dag.py:3239} INFO - Sync 1 DAGs
[2025-03-18T19:14:33.485+0000] {logging_mixin.py:190} INFO - [2025-03-18T19:14:33.485+0000] {dag.py:4180} INFO - Setting next_dagrun for simple_hello_world to None, run_after=None
[2025-03-18T19:14:33.519+0000] {processor.py:208} INFO - Processing /home/~usernam~/airflow/dags/hello_world.py took 0.141 seconds
[2025-03-18T19:15:03.671+0000] {processor.py:186} INFO - Started process (PID=16624) to work on /home/~usernam~/airflow/dags/hello_world.py
[2025-03-18T19:15:03.672+0000] {processor.py:914} INFO - Processing file /home/~usernam~/airflow/dags/hello_world.py for tasks to queue
[2025-03-18T19:15:03.674+0000] {logging_mixin.py:190} INFO - [2025-03-18T19:15:03.674+0000] {dagbag.py:588} INFO - Filling up the DagBag from /home/~usernam~/airflow/dags/hello_world.py
[2025-03-18T19:15:03.684+0000] {processor.py:925} INFO - DAG(s) 'simple_hello_world' retrieved from /home/~usernam~/airflow/dags/hello_world.py
[2025-03-18T19:15:03.716+0000] {logging_mixin.py:190} INFO - [2025-03-18T19:15:03.716+0000] {dag.py:3239} INFO - Sync 1 DAGs
[2025-03-18T19:15:03.730+0000] {logging_mixin.py:190} INFO - [2025-03-18T19:15:03.730+0000] {dag.py:4180} INFO - Setting next_dagrun for simple_hello_world to None, run_after=None
[2025-03-18T19:15:03.752+0000] {processor.py:208} INFO - Processing /home/~usernam~/airflow/dags/hello_world.py took 0.089 seconds
[2025-03-18T19:15:34.459+0000] {processor.py:186} INFO - Started process (PID=16626) to work on /home/~usernam~/airflow/dags/hello_world.py
[2025-03-18T19:15:34.492+0000] {processor.py:914} INFO - Processing file /home/~usernam~/airflow/dags/hello_world.py for tasks to queue
[2025-03-18T19:15:34.497+0000] {logging_mixin.py:190} INFO - [2025-03-18T19:15:34.496+0000] {dagbag.py:588} INFO - Filling up the DagBag from /home/~usernam~/airflow/dags/hello_world.py
[2025-03-18T19:15:34.544+0000] {processor.py:925} INFO - DAG(s) 'simple_hello_world' retrieved from /home/~usernam~/airflow/dags/hello_world.py
[2025-03-18T19:15:34.696+0000] {logging_mixin.py:190} INFO - [2025-03-18T19:15:34.695+0000] {dag.py:3239} INFO - Sync 1 DAGs
[2025-03-18T19:15:34.789+0000] {logging_mixin.py:190} INFO - [2025-03-18T19:15:34.788+0000] {dag.py:4180} INFO - Setting next_dagrun for simple_hello_world to None, run_after=None
[2025-03-18T19:15:34.937+0000] {processor.py:208} INFO - Processing /home/~usernam~/airflow/dags/hello_world.py took 0.834 seconds
[2025-03-18T19:16:05.165+0000] {processor.py:186} INFO - Started process (PID=16629) to work on /home/~usernam~/airflow/dags/hello_world.py
[2025-03-18T19:16:05.167+0000] {processor.py:914} INFO - Processing file /home/~usernam~/airflow/dags/hello_world.py for tasks to queue
[2025-03-18T19:16:05.171+0000] {logging_mixin.py:190} INFO - [2025-03-18T19:16:05.171+0000] {dagbag.py:588} INFO - Filling up the DagBag from /home/~usernam~/airflow/dags/hello_world.py
[2025-03-18T19:16:05.189+0000] {processor.py:925} INFO - DAG(s) 'simple_hello_world' retrieved from /home/~usernam~/airflow/dags/hello_world.py
[2025-03-18T19:16:05.226+0000] {logging_mixin.py:190} INFO - [2025-03-18T19:16:05.226+0000] {dag.py:3239} INFO - Sync 1 DAGs
[2025-03-18T19:16:05.245+0000] {logging_mixin.py:190} INFO - [2025-03-18T19:16:05.245+0000] {dag.py:4180} INFO - Setting next_dagrun for simple_hello_world to None, run_after=None
[2025-03-18T19:16:05.279+0000] {processor.py:208} INFO - Processing /home/~usernam~/airflow/dags/hello_world.py took 0.133 seconds
[2025-03-18T19:16:35.509+0000] {processor.py:186} INFO - Started process (PID=16631) to work on /home/~usernam~/airflow/dags/hello_world.py
[2025-03-18T19:16:35.510+0000] {processor.py:914} INFO - Processing file /home/~usernam~/airflow/dags/hello_world.py for tasks to queue
[2025-03-18T19:16:35.512+0000] {logging_mixin.py:190} INFO - [2025-03-18T19:16:35.512+0000] {dagbag.py:588} INFO - Filling up the DagBag from /home/~usernam~/airflow/dags/hello_world.py
[2025-03-18T19:16:35.523+0000] {processor.py:925} INFO - DAG(s) 'simple_hello_world' retrieved from /home/~usernam~/airflow/dags/hello_world.py
[2025-03-18T19:16:35.563+0000] {logging_mixin.py:190} INFO - [2025-03-18T19:16:35.563+0000] {dag.py:3239} INFO - Sync 1 DAGs
[2025-03-18T19:16:35.581+0000] {logging_mixin.py:190} INFO - [2025-03-18T19:16:35.581+0000] {dag.py:4180} INFO - Setting next_dagrun for simple_hello_world to None, run_after=None
[2025-03-18T19:16:35.622+0000] {processor.py:208} INFO - Processing /home/~usernam~/airflow/dags/hello_world.py took 0.119 seconds
[2025-03-18T19:17:05.788+0000] {processor.py:186} INFO - Started process (PID=16636) to work on /home/~usernam~/airflow/dags/hello_world.py
[2025-03-18T19:17:05.790+0000] {processor.py:914} INFO - Processing file /home/~usernam~/airflow/dags/hello_world.py for tasks to queue
[2025-03-18T19:17:05.793+0000] {logging_mixin.py:190} INFO - [2025-03-18T19:17:05.792+0000] {dagbag.py:588} INFO - Filling up the DagBag from /home/~usernam~/airflow/dags/hello_world.py
[2025-03-18T19:17:05.811+0000] {processor.py:925} INFO - DAG(s) 'simple_hello_world' retrieved from /home/~usernam~/airflow/dags/hello_world.py
[2025-03-18T19:17:05.848+0000] {logging_mixin.py:190} INFO - [2025-03-18T19:17:05.848+0000] {dag.py:3239} INFO - Sync 1 DAGs
[2025-03-18T19:17:05.864+0000] {logging_mixin.py:190} INFO - [2025-03-18T19:17:05.863+0000] {dag.py:4180} INFO - Setting next_dagrun for simple_hello_world to None, run_after=None
[2025-03-18T19:17:05.890+0000] {processor.py:208} INFO - Processing /home/~usernam~/airflow/dags/hello_world.py took 0.111 seconds
