[2025-03-18T16:49:22.772+0000] {local_task_job_runner.py:123} INFO - ::group::Pre task execution logs
[2025-03-18T16:49:22.781+0000] {taskinstance.py:2614} INFO - Dependencies all met for dep_context=non-requeueable deps ti=<TaskInstance: simple_hello_world.hello_world_task manual__2025-03-18T16:49:20.249336+00:00 [queued]>
[2025-03-18T16:49:22.786+0000] {taskinstance.py:2614} INFO - Dependencies all met for dep_context=requeueable deps ti=<TaskInstance: simple_hello_world.hello_world_task manual__2025-03-18T16:49:20.249336+00:00 [queued]>
[2025-03-18T16:49:22.786+0000] {taskinstance.py:2867} INFO - Starting attempt 1 of 1
[2025-03-18T16:49:22.805+0000] {taskinstance.py:2890} INFO - Executing <Task(BashOperator): hello_world_task> on 2025-03-18 16:49:20.249336+00:00
[2025-03-18T16:49:22.807+0000] {standard_task_runner.py:72} INFO - Started process 5851 to run task
[2025-03-18T16:49:22.809+0000] {standard_task_runner.py:104} INFO - Running: ['airflow', 'tasks', 'run', 'simple_hello_world', 'hello_world_task', 'manual__2025-03-18T16:49:20.249336+00:00', '--job-id', '21', '--raw', '--subdir', 'DAGS_FOLDER/hello_world.py', '--cfg-path', '/tmp/tmprlsj4x3i']
[2025-03-18T16:49:22.812+0000] {standard_task_runner.py:105} INFO - Job 21: Subtask hello_world_task
[2025-03-18T16:49:22.858+0000] {task_command.py:467} INFO - Running <TaskInstance: simple_hello_world.hello_world_task manual__2025-03-18T16:49:20.249336+00:00 [running]> on host LAPTOP-QE9ETVF1.
[2025-03-18T16:49:22.946+0000] {taskinstance.py:3134} INFO - Exporting env vars: AIRFLOW_CTX_DAG_OWNER='admin' AIRFLOW_CTX_DAG_ID='simple_hello_world' AIRFLOW_CTX_TASK_ID='hello_world_task' AIRFLOW_CTX_EXECUTION_DATE='2025-03-18T16:49:20.249336+00:00' AIRFLOW_CTX_TRY_NUMBER='1' AIRFLOW_CTX_DAG_RUN_ID='manual__2025-03-18T16:49:20.249336+00:00'
[2025-03-18T16:49:22.947+0000] {taskinstance.py:732} INFO - ::endgroup::
[2025-03-18T16:49:22.964+0000] {subprocess.py:78} INFO - Tmp dir root location: /tmp
[2025-03-18T16:49:22.965+0000] {subprocess.py:88} INFO - Running command: ['/usr/bin/bash', '-c', 'echo - Hello World using with Keywork']
[2025-03-18T16:49:22.969+0000] {subprocess.py:99} INFO - Output:
[2025-03-18T16:49:22.972+0000] {subprocess.py:106} INFO - - Hello World using with Keywork
[2025-03-18T16:49:22.972+0000] {subprocess.py:110} INFO - Command exited with return code 0
[2025-03-18T16:49:23.000+0000] {taskinstance.py:341} INFO - ::group::Post task execution logs
[2025-03-18T16:49:23.000+0000] {taskinstance.py:353} INFO - Marking task as SUCCESS. dag_id=simple_hello_world, task_id=hello_world_task, run_id=manual__2025-03-18T16:49:20.249336+00:00, execution_date=20250318T164920, start_date=20250318T164922, end_date=20250318T164923
[2025-03-18T16:49:23.066+0000] {local_task_job_runner.py:266} INFO - Task exited with return code 0
[2025-03-18T16:49:23.077+0000] {taskinstance.py:3901} INFO - 0 downstream tasks scheduled from follow-on schedule check
[2025-03-18T16:49:23.078+0000] {local_task_job_runner.py:245} INFO - ::endgroup::
