[2025-03-18T15:33:48.762+0000] {local_task_job_runner.py:123} INFO - ::group::Pre task execution logs
[2025-03-18T15:33:48.781+0000] {taskinstance.py:2614} INFO - Dependencies all met for dep_context=non-requeueable deps ti=<TaskInstance: example_bash_operator.run_after_loop scheduled__2025-03-17T00:00:00+00:00 [queued]>
[2025-03-18T15:33:48.795+0000] {taskinstance.py:2614} INFO - Dependencies all met for dep_context=requeueable deps ti=<TaskInstance: example_bash_operator.run_after_loop scheduled__2025-03-17T00:00:00+00:00 [queued]>
[2025-03-18T15:33:48.796+0000] {taskinstance.py:2867} INFO - Starting attempt 1 of 1
[2025-03-18T15:33:48.828+0000] {taskinstance.py:2890} INFO - Executing <Task(BashOperator): run_after_loop> on 2025-03-17 00:00:00+00:00
[2025-03-18T15:33:48.839+0000] {standard_task_runner.py:72} INFO - Started process 816 to run task
[2025-03-18T15:33:48.844+0000] {standard_task_runner.py:104} INFO - Running: ['airflow', 'tasks', 'run', 'example_bash_operator', 'run_after_loop', 'scheduled__2025-03-17T00:00:00+00:00', '--job-id', '8', '--raw', '--subdir', '/home/opanggam/miniconda3/envs/airflow-env/lib/python3.8/site-packages/airflow/example_dags/example_bash_operator.py', '--cfg-path', '/tmp/tmp86zlj9za']
[2025-03-18T15:33:48.845+0000] {standard_task_runner.py:105} INFO - Job 8: Subtask run_after_loop
[2025-03-18T15:33:48.920+0000] {task_command.py:467} INFO - Running <TaskInstance: example_bash_operator.run_after_loop scheduled__2025-03-17T00:00:00+00:00 [running]> on host LAPTOP-QE9ETVF1.
[2025-03-18T15:33:49.005+0000] {taskinstance.py:3134} INFO - Exporting env vars: AIRFLOW_CTX_DAG_OWNER='airflow' AIRFLOW_CTX_DAG_ID='example_bash_operator' AIRFLOW_CTX_TASK_ID='run_after_loop' AIRFLOW_CTX_EXECUTION_DATE='2025-03-17T00:00:00+00:00' AIRFLOW_CTX_TRY_NUMBER='1' AIRFLOW_CTX_DAG_RUN_ID='scheduled__2025-03-17T00:00:00+00:00'
[2025-03-18T15:33:49.006+0000] {logging_mixin.py:190} INFO - Task instance is in running state
[2025-03-18T15:33:49.006+0000] {logging_mixin.py:190} INFO -  Previous state of the Task instance: queued
[2025-03-18T15:33:49.007+0000] {logging_mixin.py:190} INFO - Current task name:run_after_loop state:running start_date:2025-03-18 15:33:48.782233+00:00
[2025-03-18T15:33:49.007+0000] {logging_mixin.py:190} INFO - Dag name:example_bash_operator and current dag run status:running
[2025-03-18T15:33:49.007+0000] {taskinstance.py:732} INFO - ::endgroup::
[2025-03-18T15:33:49.008+0000] {subprocess.py:78} INFO - Tmp dir root location: /tmp
[2025-03-18T15:33:49.009+0000] {subprocess.py:88} INFO - Running command: ['/usr/bin/bash', '-c', 'echo https://airflow.apache.org/']
[2025-03-18T15:33:49.020+0000] {subprocess.py:99} INFO - Output:
[2025-03-18T15:33:49.023+0000] {subprocess.py:106} INFO - https://airflow.apache.org/
[2025-03-18T15:33:49.024+0000] {subprocess.py:110} INFO - Command exited with return code 0
[2025-03-18T15:33:49.053+0000] {taskinstance.py:341} INFO - ::group::Post task execution logs
[2025-03-18T15:33:49.054+0000] {taskinstance.py:353} INFO - Marking task as SUCCESS. dag_id=example_bash_operator, task_id=run_after_loop, run_id=scheduled__2025-03-17T00:00:00+00:00, execution_date=20250317T000000, start_date=20250318T153348, end_date=20250318T153349
[2025-03-18T15:33:49.085+0000] {logging_mixin.py:190} INFO - Task instance in success state
[2025-03-18T15:33:49.087+0000] {logging_mixin.py:190} INFO -  Previous state of the Task instance: running
[2025-03-18T15:33:49.088+0000] {logging_mixin.py:190} INFO - Dag name:example_bash_operator queued_at:2025-03-18 15:33:25.341473+00:00
[2025-03-18T15:33:49.088+0000] {logging_mixin.py:190} INFO - Task hostname:LAPTOP-QE9ETVF1. operator:BashOperator
[2025-03-18T15:33:49.102+0000] {local_task_job_runner.py:266} INFO - Task exited with return code 0
[2025-03-18T15:33:49.113+0000] {taskinstance.py:3901} INFO - 0 downstream tasks scheduled from follow-on schedule check
[2025-03-18T15:33:49.114+0000] {local_task_job_runner.py:245} INFO - ::endgroup::
