[2025-03-18T15:33:36.829+0000] {local_task_job_runner.py:123} INFO - ::group::Pre task execution logs
[2025-03-18T15:33:36.839+0000] {taskinstance.py:2614} INFO - Dependencies all met for dep_context=non-requeueable deps ti=<TaskInstance: example_bash_operator.runme_2 scheduled__2025-03-17T00:00:00+00:00 [queued]>
[2025-03-18T15:33:36.847+0000] {taskinstance.py:2614} INFO - Dependencies all met for dep_context=requeueable deps ti=<TaskInstance: example_bash_operator.runme_2 scheduled__2025-03-17T00:00:00+00:00 [queued]>
[2025-03-18T15:33:36.848+0000] {taskinstance.py:2867} INFO - Starting attempt 1 of 1
[2025-03-18T15:33:36.864+0000] {taskinstance.py:2890} INFO - Executing <Task(BashOperator): runme_2> on 2025-03-17 00:00:00+00:00
[2025-03-18T15:33:36.870+0000] {standard_task_runner.py:72} INFO - Started process 769 to run task
[2025-03-18T15:33:36.873+0000] {standard_task_runner.py:104} INFO - Running: ['airflow', 'tasks', 'run', 'example_bash_operator', 'runme_2', 'scheduled__2025-03-17T00:00:00+00:00', '--job-id', '5', '--raw', '--subdir', '/home/opanggam/miniconda3/envs/airflow-env/lib/python3.8/site-packages/airflow/example_dags/example_bash_operator.py', '--cfg-path', '/tmp/tmpmc94y5n2']
[2025-03-18T15:33:36.874+0000] {standard_task_runner.py:105} INFO - Job 5: Subtask runme_2
[2025-03-18T15:33:36.933+0000] {task_command.py:467} INFO - Running <TaskInstance: example_bash_operator.runme_2 scheduled__2025-03-17T00:00:00+00:00 [running]> on host LAPTOP-QE9ETVF1.
[2025-03-18T15:33:37.011+0000] {taskinstance.py:3134} INFO - Exporting env vars: AIRFLOW_CTX_DAG_OWNER='airflow' AIRFLOW_CTX_DAG_ID='example_bash_operator' AIRFLOW_CTX_TASK_ID='runme_2' AIRFLOW_CTX_EXECUTION_DATE='2025-03-17T00:00:00+00:00' AIRFLOW_CTX_TRY_NUMBER='1' AIRFLOW_CTX_DAG_RUN_ID='scheduled__2025-03-17T00:00:00+00:00'
[2025-03-18T15:33:37.012+0000] {logging_mixin.py:190} INFO - Task instance is in running state
[2025-03-18T15:33:37.013+0000] {logging_mixin.py:190} INFO -  Previous state of the Task instance: queued
[2025-03-18T15:33:37.013+0000] {logging_mixin.py:190} INFO - Current task name:runme_2 state:running start_date:2025-03-18 15:33:36.839481+00:00
[2025-03-18T15:33:37.013+0000] {logging_mixin.py:190} INFO - Dag name:example_bash_operator and current dag run status:running
[2025-03-18T15:33:37.013+0000] {taskinstance.py:732} INFO - ::endgroup::
[2025-03-18T15:33:37.015+0000] {subprocess.py:78} INFO - Tmp dir root location: /tmp
[2025-03-18T15:33:37.016+0000] {subprocess.py:88} INFO - Running command: ['/usr/bin/bash', '-c', 'echo "example_bash_operator__runme_2__20250317" && sleep 1']
[2025-03-18T15:33:37.026+0000] {subprocess.py:99} INFO - Output:
[2025-03-18T15:33:37.028+0000] {subprocess.py:106} INFO - example_bash_operator__runme_2__20250317
[2025-03-18T15:33:38.029+0000] {subprocess.py:110} INFO - Command exited with return code 0
[2025-03-18T15:33:38.057+0000] {taskinstance.py:341} INFO - ::group::Post task execution logs
[2025-03-18T15:33:38.057+0000] {taskinstance.py:353} INFO - Marking task as SUCCESS. dag_id=example_bash_operator, task_id=runme_2, run_id=scheduled__2025-03-17T00:00:00+00:00, execution_date=20250317T000000, start_date=20250318T153336, end_date=20250318T153338
[2025-03-18T15:33:38.083+0000] {logging_mixin.py:190} INFO - Task instance in success state
[2025-03-18T15:33:38.084+0000] {logging_mixin.py:190} INFO -  Previous state of the Task instance: running
[2025-03-18T15:33:38.084+0000] {logging_mixin.py:190} INFO - Dag name:example_bash_operator queued_at:2025-03-18 15:33:25.341473+00:00
[2025-03-18T15:33:38.085+0000] {logging_mixin.py:190} INFO - Task hostname:LAPTOP-QE9ETVF1. operator:BashOperator
[2025-03-18T15:33:38.094+0000] {local_task_job_runner.py:266} INFO - Task exited with return code 0
[2025-03-18T15:33:38.120+0000] {taskinstance.py:3901} INFO - 1 downstream tasks scheduled from follow-on schedule check
[2025-03-18T15:33:38.127+0000] {local_task_job_runner.py:245} INFO - ::endgroup::
