[2025-03-18T15:33:41.257+0000] {local_task_job_runner.py:123} INFO - ::group::Pre task execution logs
[2025-03-18T15:33:41.270+0000] {taskinstance.py:2614} INFO - Dependencies all met for dep_context=non-requeueable deps ti=<TaskInstance: example_bash_operator.also_run_this scheduled__2025-03-17T00:00:00+00:00 [queued]>
[2025-03-18T15:33:41.275+0000] {taskinstance.py:2614} INFO - Dependencies all met for dep_context=requeueable deps ti=<TaskInstance: example_bash_operator.also_run_this scheduled__2025-03-17T00:00:00+00:00 [queued]>
[2025-03-18T15:33:41.276+0000] {taskinstance.py:2867} INFO - Starting attempt 1 of 1
[2025-03-18T15:33:41.295+0000] {taskinstance.py:2890} INFO - Executing <Task(BashOperator): also_run_this> on 2025-03-17 00:00:00+00:00
[2025-03-18T15:33:41.299+0000] {standard_task_runner.py:72} INFO - Started process 785 to run task
[2025-03-18T15:33:41.304+0000] {standard_task_runner.py:104} INFO - Running: ['airflow', 'tasks', 'run', 'example_bash_operator', 'also_run_this', 'scheduled__2025-03-17T00:00:00+00:00', '--job-id', '6', '--raw', '--subdir', '/home/opanggam/miniconda3/envs/airflow-env/lib/python3.8/site-packages/airflow/example_dags/example_bash_operator.py', '--cfg-path', '/tmp/tmppppl7zwu']
[2025-03-18T15:33:41.304+0000] {standard_task_runner.py:105} INFO - Job 6: Subtask also_run_this
[2025-03-18T15:33:41.364+0000] {task_command.py:467} INFO - Running <TaskInstance: example_bash_operator.also_run_this scheduled__2025-03-17T00:00:00+00:00 [running]> on host LAPTOP-QE9ETVF1.
[2025-03-18T15:33:41.441+0000] {taskinstance.py:3134} INFO - Exporting env vars: AIRFLOW_CTX_DAG_OWNER='airflow' AIRFLOW_CTX_DAG_ID='example_bash_operator' AIRFLOW_CTX_TASK_ID='also_run_this' AIRFLOW_CTX_EXECUTION_DATE='2025-03-17T00:00:00+00:00' AIRFLOW_CTX_TRY_NUMBER='1' AIRFLOW_CTX_DAG_RUN_ID='scheduled__2025-03-17T00:00:00+00:00'
[2025-03-18T15:33:41.443+0000] {logging_mixin.py:190} INFO - Task instance is in running state
[2025-03-18T15:33:41.443+0000] {logging_mixin.py:190} INFO -  Previous state of the Task instance: queued
[2025-03-18T15:33:41.443+0000] {logging_mixin.py:190} INFO - Current task name:also_run_this state:running start_date:2025-03-18 15:33:41.270718+00:00
[2025-03-18T15:33:41.443+0000] {logging_mixin.py:190} INFO - Dag name:example_bash_operator and current dag run status:running
[2025-03-18T15:33:41.443+0000] {taskinstance.py:732} INFO - ::endgroup::
[2025-03-18T15:33:41.444+0000] {subprocess.py:78} INFO - Tmp dir root location: /tmp
[2025-03-18T15:33:41.445+0000] {subprocess.py:88} INFO - Running command: ['/usr/bin/bash', '-c', 'echo "ti_key=example_bash_operator__also_run_this__20250317"']
[2025-03-18T15:33:41.455+0000] {subprocess.py:99} INFO - Output:
[2025-03-18T15:33:41.458+0000] {subprocess.py:106} INFO - ti_key=example_bash_operator__also_run_this__20250317
[2025-03-18T15:33:41.458+0000] {subprocess.py:110} INFO - Command exited with return code 0
[2025-03-18T15:33:41.482+0000] {taskinstance.py:341} INFO - ::group::Post task execution logs
[2025-03-18T15:33:41.483+0000] {taskinstance.py:353} INFO - Marking task as SUCCESS. dag_id=example_bash_operator, task_id=also_run_this, run_id=scheduled__2025-03-17T00:00:00+00:00, execution_date=20250317T000000, start_date=20250318T153341, end_date=20250318T153341
[2025-03-18T15:33:41.508+0000] {logging_mixin.py:190} INFO - Task instance in success state
[2025-03-18T15:33:41.508+0000] {logging_mixin.py:190} INFO -  Previous state of the Task instance: running
[2025-03-18T15:33:41.509+0000] {logging_mixin.py:190} INFO - Dag name:example_bash_operator queued_at:2025-03-18 15:33:25.341473+00:00
[2025-03-18T15:33:41.509+0000] {logging_mixin.py:190} INFO - Task hostname:LAPTOP-QE9ETVF1. operator:BashOperator
[2025-03-18T15:33:41.521+0000] {local_task_job_runner.py:266} INFO - Task exited with return code 0
[2025-03-18T15:33:41.541+0000] {taskinstance.py:3901} INFO - 0 downstream tasks scheduled from follow-on schedule check
[2025-03-18T15:33:41.542+0000] {local_task_job_runner.py:245} INFO - ::endgroup::
